1 GPU found.
=== set device to 0 for 6 simulations ===






Total GPU memory 8513978368 bytes.
Set GPU heap size to be 5108387020 bytes.
[0;32m0) Simulation 0 runs: robot_0005.vxd.
[0m[0;32m0) Simulation 1 runs: robot_0003.vxd.
[0m[0;32m0) Simulation 2 runs: robot_0001.vxd.
[0m[0;32m0) Simulation 3 runs: robot_0004.vxd.
[0m[0;32m0) Simulation 4 runs: robot_0000.vxd.
[0m[0;32m0) Simulation 5 runs: robot_0002.vxd.
[0mreal_stepsize: 1 ; recommendedTimeStep 0.000265; d_v3->DtFrac 0.900000 . 
real_stepsize: 1 ; recommendedTimeStep 0.000265; d_v3->DtFrac 0.900000 . 
real_stepsize: 1 ; recommendedTimeStep 0.000084; d_v3->DtFrac 0.900000 . 
real_stepsize: 1 ; recommendedTimeStep 0.000265; d_v3->DtFrac 0.900000 . 
real_stepsize: 1 ; recommendedTimeStep 0.000084; d_v3->DtFrac 0.900000 . 
real_stepsize: 1 ; recommendedTimeStep 0.000265; d_v3->DtFrac 0.900000 . 
[0;34m0) Simulation 0 ends: robot_0005.vxd Time: 0.500144, angleSampleTimes: 2.
[0m[0;34m0) Simulation 1 ends: robot_0003.vxd Time: 0.500144, angleSampleTimes: 2.
[0m[0;34m0) Simulation 2 ends: robot_0001.vxd Time: 0.500071, angleSampleTimes: 2.
[0m[0;34m0) Simulation 3 ends: robot_0004.vxd Time: 0.500144, angleSampleTimes: 2.
[0m[0;34m0) Simulation 4 ends: robot_0000.vxd Time: 0.500071, angleSampleTimes: 2.
[0m[0;34m0) Simulation 5 ends: robot_0002.vxd Time: 0.500144, angleSampleTimes: 2.
[0mRunning simulation locally by default.
./vx3_node_worker -i workspace/locally/20200425131329.vxt -o workspace/locally/20200425131329.vxr
1 GPU found.
=== set device to 0 for 6 simulations ===






Total GPU memory 8513978368 bytes.
Set GPU heap size to be 5108387020 bytes.
[0;32m0) Simulation 0 runs: robot_0005.vxd.
[0m[0;32m0) Simulation 1 runs: robot_0003.vxd.
[0m[0;32m0) Simulation 2 runs: robot_0001.vxd.
[0m[0;32m0) Simulation 3 runs: robot_0004.vxd.
[0m[0;32m0) Simulation 4 runs: robot_0000.vxd.
[0m[0;32m0) Simulation 5 runs: robot_0002.vxd.
[0mreal_stepsize: 1 ; recommendedTimeStep 0.000084; d_v3->DtFrac 0.900000 . 
real_stepsize: 1 ; recommendedTimeStep 0.000265; d_v3->DtFrac 0.900000 . 
real_stepsize: 1 ; recommendedTimeStep 0.000265; d_v3->DtFrac 0.900000 . 
real_stepsize: 1 ; recommendedTimeStep 0.000265; d_v3->DtFrac 0.900000 . 
real_stepsize: 1 ; recommendedTimeStep 0.000265; d_v3->DtFrac 0.900000 . 
real_stepsize: 1 ; recommendedTimeStep 0.000265; d_v3->DtFrac 0.900000 . 
[0;34m0) Simulation 0 ends: robot_0005.vxd Time: 0.500071, angleSampleTimes: 2.
[0m[0;34m0) Simulation 1 ends: robot_0003.vxd Time: 0.500144, angleSampleTimes: 2.
[0m[0;34m0) Simulation 2 ends: robot_0001.vxd Time: 0.500144, angleSampleTimes: 2.
[0m[0;34m0) Simulation 3 ends: robot_0004.vxd Time: 0.500144, angleSampleTimes: 2.
[0m[0;34m0) Simulation 4 ends: robot_0000.vxd Time: 0.500144, angleSampleTimes: 2.
[0m[0;34m0) Simulation 5 ends: robot_0002.vxd Time: 0.500144, angleSampleTimes: 2.
[0mRunning simulation locally by default.
./vx3_node_worker -i workspace/locally/20200425131355.vxt -o workspace/locally/20200425131355.vxr
1 GPU found.
=== set device to 0 for 6 simulations ===






Total GPU memory 8513978368 bytes.
Set GPU heap size to be 5108387020 bytes.
[0;32m0) Simulation 0 runs: robot_0005.vxd.
[0m[0;32m0) Simulation 1 runs: robot_0003.vxd.
[0m[0;32m0) Simulation 2 runs: robot_0001.vxd.
[0m[0;32m0) Simulation 3 runs: robot_0004.vxd.
[0m[0;32m0) Simulation 4 runs: robot_0000.vxd.
[0m[0;32m0) Simulation 5 runs: robot_0002.vxd.
[0mreal_stepsize: 1 ; recommendedTimeStep 0.000265; d_v3->DtFrac 0.900000 . 
real_stepsize: 1 ; recommendedTimeStep 0.000265; d_v3->DtFrac 0.900000 . 
real_stepsize: 1 ; recommendedTimeStep 0.000265; d_v3->DtFrac 0.900000 . 
real_stepsize: 1 ; recommendedTimeStep 0.000265; d_v3->DtFrac 0.900000 . 
real_stepsize: 1 ; recommendedTimeStep 0.000265; d_v3->DtFrac 0.900000 . 
real_stepsize: 1 ; recommendedTimeStep 0.000265; d_v3->DtFrac 0.900000 . 
[0;34m0) Simulation 0 ends: robot_0005.vxd Time: 0.500144, angleSampleTimes: 2.
[0m[0;34m0) Simulation 1 ends: robot_0003.vxd Time: 0.500144, angleSampleTimes: 2.
[0m[0;34m0) Simulation 2 ends: robot_0001.vxd Time: 0.500144, angleSampleTimes: 2.
[0m[0;34m0) Simulation 3 ends: robot_0004.vxd Time: 0.500144, angleSampleTimes: 2.
[0m[0;34m0) Simulation 4 ends: robot_0000.vxd Time: 0.500144, angleSampleTimes: 2.
[0m[0;34m0) Simulation 5 ends: robot_0002.vxd Time: 0.500144, angleSampleTimes: 2.
[0mRunning simulation locally by default.
./vx3_node_worker -i workspace/locally/20200425131417.vxt -o workspace/locally/20200425131417.vxr
1 GPU found.
=== set device to 0 for 6 simulations ===






Total GPU memory 8513978368 bytes.
Set GPU heap size to be 5108387020 bytes.
[0;32m0) Simulation 0 runs: robot_0005.vxd.
[0m[0;32m0) Simulation 1 runs: robot_0003.vxd.
[0m[0;32m0) Simulation 2 runs: robot_0001.vxd.
[0m[0;32m0) Simulation 3 runs: robot_0004.vxd.
[0m[0;32m0) Simulation 4 runs: robot_0000.vxd.
[0m[0;32m0) Simulation 5 runs: robot_0002.vxd.
[0mreal_stepsize: 1 ; recommendedTimeStep 0.000265; d_v3->DtFrac 0.900000 . 
real_stepsize: 1 ; recommendedTimeStep 0.000265; d_v3->DtFrac 0.900000 . 
real_stepsize: 1 ; recommendedTimeStep 0.000265; d_v3->DtFrac 0.900000 . 
real_stepsize: 1 ; recommendedTimeStep 0.000265; d_v3->DtFrac 0.900000 . 
real_stepsize: 1 ; recommendedTimeStep 0.000197; d_v3->DtFrac 0.900000 . 
real_stepsize: 1 ; recommendedTimeStep 0.000265; d_v3->DtFrac 0.900000 . 
[0;34m0) Simulation 0 ends: robot_0005.vxd Time: 0.500144, angleSampleTimes: 2.
[0m[0;34m0) Simulation 1 ends: robot_0003.vxd Time: 0.500144, angleSampleTimes: 2.
[0m[0;34m0) Simulation 2 ends: robot_0001.vxd Time: 0.500144, angleSampleTimes: 2.
[0m[0;34m0) Simulation 3 ends: robot_0004.vxd Time: 0.500144, angleSampleTimes: 2.
[0m[0;34m0) Simulation 4 ends: robot_0000.vxd Time: 0.500163, angleSampleTimes: 2.
[0m[0;34m0) Simulation 5 ends: robot_0002.vxd Time: 0.500144, angleSampleTimes: 2.
[0mRunning simulation locally by default.
./vx3_node_worker -i workspace/locally/20200425131434.vxt -o workspace/locally/20200425131434.vxr
1 GPU found.
=== set device to 0 for 6 simulations ===






Total GPU memory 8513978368 bytes.
Set GPU heap size to be 5108387020 bytes.
[0;32m0) Simulation 0 runs: robot_0005.vxd.
[0m[0;32m0) Simulation 1 runs: robot_0003.vxd.
[0m[0;32m0) Simulation 2 runs: robot_0001.vxd.
[0m[0;32m0) Simulation 3 runs: robot_0004.vxd.
[0m[0;32m0) Simulation 4 runs: robot_0000.vxd.
[0m[0;32m0) Simulation 5 runs: robot_0002.vxd.
[0mreal_stepsize: 1 ; recommendedTimeStep 0.000265; d_v3->DtFrac 0.900000 . 
real_stepsize: 1 ; recommendedTimeStep 0.000265; d_v3->DtFrac 0.900000 . 
real_stepsize: 1 ; recommendedTimeStep 0.000265; d_v3->DtFrac 0.900000 . 
real_stepsize: 1 ; recommendedTimeStep 0.000265; d_v3->DtFrac 0.900000 . 
real_stepsize: 1 ; recommendedTimeStep 0.000265; d_v3->DtFrac 0.900000 . 
real_stepsize: 1 ; recommendedTimeStep 0.000265; d_v3->DtFrac 0.900000 . 
[0;34m0) Simulation 0 ends: robot_0005.vxd Time: 0.500144, angleSampleTimes: 2.
[0m[0;34m0) Simulation 1 ends: robot_0003.vxd Time: 0.500144, angleSampleTimes: 2.
[0m[0;34m0) Simulation 2 ends: robot_0001.vxd Time: 0.500144, angleSampleTimes: 2.
[0m[0;34m0) Simulation 3 ends: robot_0004.vxd Time: 0.500144, angleSampleTimes: 2.
[0m[0;34m0) Simulation 4 ends: robot_0000.vxd Time: 0.500144, angleSampleTimes: 2.
[0m[0;34m0) Simulation 5 ends: robot_0002.vxd Time: 0.500144, angleSampleTimes: 2.
[0mRunning simulation locally by default.
./vx3_node_worker -i workspace/locally/20200425131452.vxt -o workspace/locally/20200425131452.vxr
1 GPU found.
=== set device to 0 for 6 simulations ===






Total GPU memory 8513978368 bytes.
Set GPU heap size to be 5108387020 bytes.
[0;32m0) Simulation 0 runs: robot_0005.vxd.
[0m[0;32m0) Simulation 1 runs: robot_0003.vxd.
[0m[0;32m0) Simulation 2 runs: robot_0001.vxd.
[0m[0;32m0) Simulation 3 runs: robot_0004.vxd.
[0m[0;32m0) Simulation 4 runs: robot_0000.vxd.
[0m[0;32m0) Simulation 5 runs: robot_0002.vxd.
[0mreal_stepsize: 1 ; recommendedTimeStep 0.000265; d_v3->DtFrac 0.900000 . 
real_stepsize: 1 ; recommendedTimeStep 0.000265; d_v3->DtFrac 0.900000 . 
real_stepsize: 1 ; recommendedTimeStep 0.000265; d_v3->DtFrac 0.900000 . 
real_stepsize: 1 ; recommendedTimeStep 0.000265; d_v3->DtFrac 0.900000 . 
real_stepsize: 1 ; recommendedTimeStep 0.000265; d_v3->DtFrac 0.900000 . 
real_stepsize: 1 ; recommendedTimeStep 0.000265; d_v3->DtFrac 0.900000 . 
[0;34m0) Simulation 0 ends: robot_0005.vxd Time: 0.500144, angleSampleTimes: 2.
[0m[0;34m0) Simulation 1 ends: robot_0003.vxd Time: 0.500144, angleSampleTimes: 2.
[0m[0;34m0) Simulation 2 ends: robot_0001.vxd Time: 0.500144, angleSampleTimes: 2.
[0m[0;34m0) Simulation 3 ends: robot_0004.vxd Time: 0.500144, angleSampleTimes: 2.
[0m[0;34m0) Simulation 4 ends: robot_0000.vxd Time: 0.500144, angleSampleTimes: 2.
[0m[0;34m0) Simulation 5 ends: robot_0002.vxd Time: 0.500144, angleSampleTimes: 2.
[0mRunning simulation locally by default.
./vx3_node_worker -i workspace/locally/20200425131509.vxt -o workspace/locally/20200425131509.vxr
1 GPU found.
=== set device to 0 for 6 simulations ===






Total GPU memory 8513978368 bytes.
Set GPU heap size to be 5108387020 bytes.
[0;32m0) Simulation 0 runs: robot_0005.vxd.
[0m[0;32m0) Simulation 1 runs: robot_0003.vxd.
[0m[0;32m0) Simulation 2 runs: robot_0001.vxd.
[0m[0;32m0) Simulation 3 runs: robot_0004.vxd.
[0m[0;32m0) Simulation 4 runs: robot_0000.vxd.
[0m[0;32m0) Simulation 5 runs: robot_0002.vxd.
[0mreal_stepsize: 1 ; recommendedTimeStep 0.000265; d_v3->DtFrac 0.900000 . 
real_stepsize: 1 ; recommendedTimeStep 0.000265; d_v3->DtFrac 0.900000 . 
real_stepsize: 1 ; recommendedTimeStep 0.000265; d_v3->DtFrac 0.900000 . 
real_stepsize: 1 ; recommendedTimeStep 0.000265; d_v3->DtFrac 0.900000 . 
real_stepsize: 1 ; recommendedTimeStep 0.000265; d_v3->DtFrac 0.900000 . 
real_stepsize: 1 ; recommendedTimeStep 0.000265; d_v3->DtFrac 0.900000 . 
[0;34m0) Simulation 0 ends: robot_0005.vxd Time: 0.500144, angleSampleTimes: 2.
[0m[0;34m0) Simulation 1 ends: robot_0003.vxd Time: 0.500144, angleSampleTimes: 2.
[0m[0;34m0) Simulation 2 ends: robot_0001.vxd Time: 0.500144, angleSampleTimes: 2.
[0m[0;34m0) Simulation 3 ends: robot_0004.vxd Time: 0.500144, angleSampleTimes: 2.
[0m[0;34m0) Simulation 4 ends: robot_0000.vxd Time: 0.500144, angleSampleTimes: 2.
[0m[0;34m0) Simulation 5 ends: robot_0002.vxd Time: 0.500144, angleSampleTimes: 2.
[0mRunning simulation locally by default.
./vx3_node_worker -i workspace/locally/20200425131526.vxt -o workspace/locally/20200425131526.vxr
1 GPU found.
=== set device to 0 for 6 simulations ===






Total GPU memory 8513978368 bytes.
Set GPU heap size to be 5108387020 bytes.
[0;32m0) Simulation 0 runs: robot_0005.vxd.
[0m[0;32m0) Simulation 1 runs: robot_0003.vxd.
[0m[0;32m0) Simulation 2 runs: robot_0001.vxd.
[0m[0;32m0) Simulation 3 runs: robot_0004.vxd.
[0m[0;32m0) Simulation 4 runs: robot_0000.vxd.
[0m[0;32m0) Simulation 5 runs: robot_0002.vxd.
[0mreal_stepsize: 1 ; recommendedTimeStep 0.000265; d_v3->DtFrac 0.900000 . 
real_stepsize: 1 ; recommendedTimeStep 0.000265; d_v3->DtFrac 0.900000 . 
real_stepsize: 1 ; recommendedTimeStep 0.000265; d_v3->DtFrac 0.900000 . 
real_stepsize: 1 ; recommendedTimeStep 0.000265; d_v3->DtFrac 0.900000 . 
real_stepsize: 1 ; recommendedTimeStep 0.000265; d_v3->DtFrac 0.900000 . 
real_stepsize: 1 ; recommendedTimeStep 0.000265; d_v3->DtFrac 0.900000 . 
[0;34m0) Simulation 0 ends: robot_0005.vxd Time: 0.500144, angleSampleTimes: 2.
[0m[0;34m0) Simulation 1 ends: robot_0003.vxd Time: 0.500144, angleSampleTimes: 2.
[0m[0;34m0) Simulation 2 ends: robot_0001.vxd Time: 0.500144, angleSampleTimes: 2.
[0m[0;34m0) Simulation 3 ends: robot_0004.vxd Time: 0.500144, angleSampleTimes: 2.
[0m[0;34m0) Simulation 4 ends: robot_0000.vxd Time: 0.500144, angleSampleTimes: 2.
[0m[0;34m0) Simulation 5 ends: robot_0002.vxd Time: 0.500144, angleSampleTimes: 2.
[0mRunning simulation locally by default.
./vx3_node_worker -i workspace/locally/20200425131543.vxt -o workspace/locally/20200425131543.vxr
1 GPU found.
=== set device to 0 for 6 simulations ===






Total GPU memory 8513978368 bytes.
Set GPU heap size to be 5108387020 bytes.
[0;32m0) Simulation 0 runs: robot_0005.vxd.
[0m[0;32m0) Simulation 1 runs: robot_0003.vxd.
[0m[0;32m0) Simulation 2 runs: robot_0001.vxd.
[0m[0;32m0) Simulation 3 runs: robot_0004.vxd.
[0m[0;32m0) Simulation 4 runs: robot_0000.vxd.
[0m[0;32m0) Simulation 5 runs: robot_0002.vxd.
[0mreal_stepsize: 1 ; recommendedTimeStep 0.000265; d_v3->DtFrac 0.900000 . 
real_stepsize: 1 ; recommendedTimeStep 0.000265; d_v3->DtFrac 0.900000 . 
real_stepsize: 1 ; recommendedTimeStep 0.000265; d_v3->DtFrac 0.900000 . 
real_stepsize: 1 ; recommendedTimeStep 0.000265; d_v3->DtFrac 0.900000 . 
real_stepsize: 1 ; recommendedTimeStep 0.000265; d_v3->DtFrac 0.900000 . 
real_stepsize: 1 ; recommendedTimeStep 0.000265; d_v3->DtFrac 0.900000 . 
[0;34m0) Simulation 0 ends: robot_0005.vxd Time: 0.500144, angleSampleTimes: 2.
[0m[0;34m0) Simulation 1 ends: robot_0003.vxd Time: 0.500144, angleSampleTimes: 2.
[0m[0;34m0) Simulation 2 ends: robot_0001.vxd Time: 0.500144, angleSampleTimes: 2.
[0m[0;34m0) Simulation 3 ends: robot_0004.vxd Time: 0.500144, angleSampleTimes: 2.
[0m[0;34m0) Simulation 4 ends: robot_0000.vxd Time: 0.500144, angleSampleTimes: 2.
[0m[0;34m0) Simulation 5 ends: robot_0002.vxd Time: 0.500144, angleSampleTimes: 2.
[0mRunning simulation locally by default.
./vx3_node_worker -i workspace/locally/20200425131559.vxt -o workspace/locally/20200425131559.vxr
1 GPU found.
=== set device to 0 for 6 simulations ===






Total GPU memory 8513978368 bytes.
Set GPU heap size to be 5108387020 bytes.
[0;32m0) Simulation 0 runs: robot_0005.vxd.
[0m[0;32m0) Simulation 1 runs: robot_0003.vxd.
[0m[0;32m0) Simulation 2 runs: robot_0001.vxd.
[0m[0;32m0) Simulation 3 runs: robot_0004.vxd.
[0m[0;32m0) Simulation 4 runs: robot_0000.vxd.
[0m[0;32m0) Simulation 5 runs: robot_0002.vxd.
[0mreal_stepsize: 1 ; recommendedTimeStep 0.000265; d_v3->DtFrac 0.900000 . 
real_stepsize: 1 ; recommendedTimeStep 0.000265; d_v3->DtFrac 0.900000 . 
real_stepsize: 1 ; recommendedTimeStep 0.000265; d_v3->DtFrac 0.900000 . 
real_stepsize: 1 ; recommendedTimeStep 0.000265; d_v3->DtFrac 0.900000 . 
real_stepsize: 1 ; recommendedTimeStep 0.000265; d_v3->DtFrac 0.900000 . 
real_stepsize: 1 ; recommendedTimeStep 0.000265; d_v3->DtFrac 0.900000 . 
[0;34m0) Simulation 0 ends: robot_0005.vxd Time: 0.500144, angleSampleTimes: 2.
[0m[0;34m0) Simulation 1 ends: robot_0003.vxd Time: 0.500144, angleSampleTimes: 2.
[0m[0;34m0) Simulation 2 ends: robot_0001.vxd Time: 0.500144, angleSampleTimes: 2.
[0m[0;34m0) Simulation 3 ends: robot_0004.vxd Time: 0.500144, angleSampleTimes: 2.
[0m[0;34m0) Simulation 4 ends: robot_0000.vxd Time: 0.500144, angleSampleTimes: 2.
[0m[0;34m0) Simulation 5 ends: robot_0002.vxd Time: 0.500144, angleSampleTimes: 2.
[0mRunning simulation locally by default.
./vx3_node_worker -i workspace/locally/20200425131616.vxt -o workspace/locally/20200425131616.vxr
1 GPU found.
=== set device to 0 for 6 simulations ===






Total GPU memory 8513978368 bytes.
Set GPU heap size to be 5108387020 bytes.
[0;32m0) Simulation 0 runs: robot_0005.vxd.
[0m[0;32m0) Simulation 1 runs: robot_0003.vxd.
[0m[0;32m0) Simulation 2 runs: robot_0001.vxd.
[0m[0;32m0) Simulation 3 runs: robot_0004.vxd.
[0m[0;32m0) Simulation 4 runs: robot_0000.vxd.
[0m[0;32m0) Simulation 5 runs: robot_0002.vxd.
[0mreal_stepsize: 1 ; recommendedTimeStep 0.000265; d_v3->DtFrac 0.900000 . 
real_stepsize: 1 ; recommendedTimeStep 0.000265; d_v3->DtFrac 0.900000 . 
real_stepsize: 1 ; recommendedTimeStep 0.000265; d_v3->DtFrac 0.900000 . 
real_stepsize: 1 ; recommendedTimeStep 0.000265; d_v3->DtFrac 0.900000 . 
real_stepsize: 1 ; recommendedTimeStep 0.000265; d_v3->DtFrac 0.900000 . 
real_stepsize: 1 ; recommendedTimeStep 0.000265; d_v3->DtFrac 0.900000 . 
1 GPU found.
=== set device to 0 for 6 simulations ===






Total GPU memory 8513978368 bytes.
Set GPU heap size to be 5108387020 bytes.
[0;32m0) Simulation 0 runs: robot_0005.vxd.
[0m[0;32m0) Simulation 1 runs: robot_0003.vxd.
[0m[0;32m0) Simulation 2 runs: robot_0001.vxd.
[0m[0;32m0) Simulation 3 runs: robot_0004.vxd.
[0m[0;32m0) Simulation 4 runs: robot_0000.vxd.
[0m[0;32m0) Simulation 5 runs: robot_0002.vxd.
[0mreal_stepsize: 1 ; recommendedTimeStep 0.000265; d_v3->DtFrac 0.900000 . 
real_stepsize: 1 ; recommendedTimeStep 0.000265; d_v3->DtFrac 0.900000 . 
real_stepsize: 1 ; recommendedTimeStep 0.000084; d_v3->DtFrac 0.900000 . 
real_stepsize: 1 ; recommendedTimeStep 0.000265; d_v3->DtFrac 0.900000 . 
real_stepsize: 1 ; recommendedTimeStep 0.000084; d_v3->DtFrac 0.900000 . 
real_stepsize: 1 ; recommendedTimeStep 0.000265; d_v3->DtFrac 0.900000 . 
[0;34m0) Simulation 0 ends: robot_0005.vxd Time: 0.500144, angleSampleTimes: 2.
[0m[0;34m0) Simulation 1 ends: robot_0003.vxd Time: 0.500144, angleSampleTimes: 2.
[0m[0;34m0) Simulation 2 ends: robot_0001.vxd Time: 0.500071, angleSampleTimes: 2.
[0m[0;34m0) Simulation 3 ends: robot_0004.vxd Time: 0.500144, angleSampleTimes: 2.
[0m[0;34m0) Simulation 4 ends: robot_0000.vxd Time: 0.500071, angleSampleTimes: 2.
[0m[0;34m0) Simulation 5 ends: robot_0002.vxd Time: 0.500144, angleSampleTimes: 2.
[0mRunning simulation locally by default.
./vx3_node_worker -i workspace/locally/20200425131722.vxt -o workspace/locally/20200425131722.vxr
1 GPU found.
=== set device to 0 for 6 simulations ===






Total GPU memory 8513978368 bytes.
Set GPU heap size to be 5108387020 bytes.
[0;32m0) Simulation 0 runs: robot_0005.vxd.
[0m[0;32m0) Simulation 1 runs: robot_0003.vxd.
[0m[0;32m0) Simulation 2 runs: robot_0001.vxd.
[0m[0;32m0) Simulation 3 runs: robot_0004.vxd.
[0m[0;32m0) Simulation 4 runs: robot_0000.vxd.
[0m[0;32m0) Simulation 5 runs: robot_0002.vxd.
[0mreal_stepsize: 1 ; recommendedTimeStep 0.000084; d_v3->DtFrac 0.900000 . 
real_stepsize: 1 ; recommendedTimeStep 0.000265; d_v3->DtFrac 0.900000 . 
real_stepsize: 1 ; recommendedTimeStep 0.000265; d_v3->DtFrac 0.900000 . 
real_stepsize: 1 ; recommendedTimeStep 0.000265; d_v3->DtFrac 0.900000 . 
real_stepsize: 1 ; recommendedTimeStep 0.000265; d_v3->DtFrac 0.900000 . 
real_stepsize: 1 ; recommendedTimeStep 0.000265; d_v3->DtFrac 0.900000 . 
[0;34m0) Simulation 0 ends: robot_0005.vxd Time: 0.500071, angleSampleTimes: 2.
[0m[0;34m0) Simulation 1 ends: robot_0003.vxd Time: 0.500144, angleSampleTimes: 2.
[0m[0;34m0) Simulation 2 ends: robot_0001.vxd Time: 0.500144, angleSampleTimes: 2.
[0m[0;34m0) Simulation 3 ends: robot_0004.vxd Time: 0.500144, angleSampleTimes: 2.
[0m[0;34m0) Simulation 4 ends: robot_0000.vxd Time: 0.500144, angleSampleTimes: 2.
[0m[0;34m0) Simulation 5 ends: robot_0002.vxd Time: 0.500144, angleSampleTimes: 2.
[0mRunning simulation locally by default.
./vx3_node_worker -i workspace/locally/20200425131748.vxt -o workspace/locally/20200425131748.vxr
1 GPU found.
=== set device to 0 for 6 simulations ===






Total GPU memory 8513978368 bytes.
Set GPU heap size to be 5108387020 bytes.
[0;32m0) Simulation 0 runs: robot_0005.vxd.
[0m[0;32m0) Simulation 1 runs: robot_0003.vxd.
[0m[0;32m0) Simulation 2 runs: robot_0001.vxd.
[0m[0;32m0) Simulation 3 runs: robot_0004.vxd.
[0m[0;32m0) Simulation 4 runs: robot_0000.vxd.
[0m[0;32m0) Simulation 5 runs: robot_0002.vxd.
[0mreal_stepsize: 1 ; recommendedTimeStep 0.000265; d_v3->DtFrac 0.900000 . 
real_stepsize: 1 ; recommendedTimeStep 0.000265; d_v3->DtFrac 0.900000 . 
real_stepsize: 1 ; recommendedTimeStep 0.000265; d_v3->DtFrac 0.900000 . 
real_stepsize: 1 ; recommendedTimeStep 0.000265; d_v3->DtFrac 0.900000 . 
real_stepsize: 1 ; recommendedTimeStep 0.000265; d_v3->DtFrac 0.900000 . 
real_stepsize: 1 ; recommendedTimeStep 0.000265; d_v3->DtFrac 0.900000 . 
[0;34m0) Simulation 0 ends: robot_0005.vxd Time: 0.500144, angleSampleTimes: 2.
[0m[0;34m0) Simulation 1 ends: robot_0003.vxd Time: 0.500144, angleSampleTimes: 2.
[0m[0;34m0) Simulation 2 ends: robot_0001.vxd Time: 0.500144, angleSampleTimes: 2.
[0m[0;34m0) Simulation 3 ends: robot_0004.vxd Time: 0.500144, angleSampleTimes: 2.
[0m[0;34m0) Simulation 4 ends: robot_0000.vxd Time: 0.500144, angleSampleTimes: 2.
[0m[0;34m0) Simulation 5 ends: robot_0002.vxd Time: 0.500144, angleSampleTimes: 2.
[0mRunning simulation locally by default.
./vx3_node_worker -i workspace/locally/20200425131810.vxt -o workspace/locally/20200425131810.vxr
1 GPU found.
=== set device to 0 for 6 simulations ===






Total GPU memory 8513978368 bytes.
Set GPU heap size to be 5108387020 bytes.
[0;32m0) Simulation 0 runs: robot_0005.vxd.
[0m[0;32m0) Simulation 1 runs: robot_0003.vxd.
[0m[0;32m0) Simulation 2 runs: robot_0001.vxd.
[0m[0;32m0) Simulation 3 runs: robot_0004.vxd.
[0m[0;32m0) Simulation 4 runs: robot_0000.vxd.
[0m[0;32m0) Simulation 5 runs: robot_0002.vxd.
[0mreal_stepsize: 1 ; recommendedTimeStep 0.000265; d_v3->DtFrac 0.900000 . 
real_stepsize: 1 ; recommendedTimeStep 0.000265; d_v3->DtFrac 0.900000 . 
real_stepsize: 1 ; recommendedTimeStep 0.000265; d_v3->DtFrac 0.900000 . 
real_stepsize: 1 ; recommendedTimeStep 0.000265; d_v3->DtFrac 0.900000 . 
real_stepsize: 1 ; recommendedTimeStep 0.000197; d_v3->DtFrac 0.900000 . 
real_stepsize: 1 ; recommendedTimeStep 0.000265; d_v3->DtFrac 0.900000 . 
[0;34m0) Simulation 0 ends: robot_0005.vxd Time: 0.500144, angleSampleTimes: 2.
[0m[0;34m0) Simulation 1 ends: robot_0003.vxd Time: 0.500144, angleSampleTimes: 2.
[0m[0;34m0) Simulation 2 ends: robot_0001.vxd Time: 0.500144, angleSampleTimes: 2.
[0m[0;34m0) Simulation 3 ends: robot_0004.vxd Time: 0.500144, angleSampleTimes: 2.
[0m[0;34m0) Simulation 4 ends: robot_0000.vxd Time: 0.500163, angleSampleTimes: 2.
[0m[0;34m0) Simulation 5 ends: robot_0002.vxd Time: 0.500144, angleSampleTimes: 2.
[0mRunning simulation locally by default.
./vx3_node_worker -i workspace/locally/20200425131827.vxt -o workspace/locally/20200425131827.vxr
1 GPU found.
=== set device to 0 for 6 simulations ===






Total GPU memory 8513978368 bytes.
Set GPU heap size to be 5108387020 bytes.
[0;32m0) Simulation 0 runs: robot_0005.vxd.
[0m[0;32m0) Simulation 1 runs: robot_0003.vxd.
[0m[0;32m0) Simulation 2 runs: robot_0001.vxd.
[0m[0;32m0) Simulation 3 runs: robot_0004.vxd.
[0m[0;32m0) Simulation 4 runs: robot_0000.vxd.
[0m[0;32m0) Simulation 5 runs: robot_0002.vxd.
[0mreal_stepsize: 1 ; recommendedTimeStep 0.000265; d_v3->DtFrac 0.900000 . 
real_stepsize: 1 ; recommendedTimeStep 0.000265; d_v3->DtFrac 0.900000 . 
real_stepsize: 1 ; recommendedTimeStep 0.000265; d_v3->DtFrac 0.900000 . 
real_stepsize: 1 ; recommendedTimeStep 0.000265; d_v3->DtFrac 0.900000 . 
real_stepsize: 1 ; recommendedTimeStep 0.000265; d_v3->DtFrac 0.900000 . 
real_stepsize: 1 ; recommendedTimeStep 0.000265; d_v3->DtFrac 0.900000 . 
[0;34m0) Simulation 0 ends: robot_0005.vxd Time: 0.500144, angleSampleTimes: 2.
[0m[0;34m0) Simulation 1 ends: robot_0003.vxd Time: 0.500144, angleSampleTimes: 2.
[0m[0;34m0) Simulation 2 ends: robot_0001.vxd Time: 0.500144, angleSampleTimes: 2.
[0m[0;34m0) Simulation 3 ends: robot_0004.vxd Time: 0.500144, angleSampleTimes: 2.
[0m[0;34m0) Simulation 4 ends: robot_0000.vxd Time: 0.500144, angleSampleTimes: 2.
[0m[0;34m0) Simulation 5 ends: robot_0002.vxd Time: 0.500144, angleSampleTimes: 2.
[0mRunning simulation locally by default.
./vx3_node_worker -i workspace/locally/20200425131845.vxt -o workspace/locally/20200425131845.vxr
1 GPU found.
=== set device to 0 for 6 simulations ===






Total GPU memory 8513978368 bytes.
Set GPU heap size to be 5108387020 bytes.
[0;32m0) Simulation 0 runs: robot_0005.vxd.
[0m[0;32m0) Simulation 1 runs: robot_0003.vxd.
[0m[0;32m0) Simulation 2 runs: robot_0001.vxd.
[0m[0;32m0) Simulation 3 runs: robot_0004.vxd.
[0m[0;32m0) Simulation 4 runs: robot_0000.vxd.
[0m[0;32m0) Simulation 5 runs: robot_0002.vxd.
[0mreal_stepsize: 1 ; recommendedTimeStep 0.000265; d_v3->DtFrac 0.900000 . 
real_stepsize: 1 ; recommendedTimeStep 0.000265; d_v3->DtFrac 0.900000 . 
real_stepsize: 1 ; recommendedTimeStep 0.000265; d_v3->DtFrac 0.900000 . 
real_stepsize: 1 ; recommendedTimeStep 0.000265; d_v3->DtFrac 0.900000 . 
real_stepsize: 1 ; recommendedTimeStep 0.000265; d_v3->DtFrac 0.900000 . 
real_stepsize: 1 ; recommendedTimeStep 0.000265; d_v3->DtFrac 0.900000 . 
1 GPU found.
=== set device to 0 for 6 simulations ===






Total GPU memory 8513978368 bytes.
Set GPU heap size to be 5108387020 bytes.
[0;32m0) Simulation 0 runs: robot_0005.vxd.
[0m[0;32m0) Simulation 1 runs: robot_0003.vxd.
[0m[0;32m0) Simulation 2 runs: robot_0001.vxd.
[0m[0;32m0) Simulation 3 runs: robot_0004.vxd.
[0m[0;32m0) Simulation 4 runs: robot_0000.vxd.
[0m[0;32m0) Simulation 5 runs: robot_0002.vxd.
[0mreal_stepsize: 1 ; recommendedTimeStep 0.000265; d_v3->DtFrac 0.900000 . 
real_stepsize: 1 ; recommendedTimeStep 0.000265; d_v3->DtFrac 0.900000 . 
real_stepsize: 1 ; recommendedTimeStep 0.000084; d_v3->DtFrac 0.900000 . 
real_stepsize: 1 ; recommendedTimeStep 0.000265; d_v3->DtFrac 0.900000 . 
real_stepsize: 1 ; recommendedTimeStep 0.000084; d_v3->DtFrac 0.900000 . 
real_stepsize: 1 ; recommendedTimeStep 0.000265; d_v3->DtFrac 0.900000 . 
1 GPU found.
=== set device to 0 for 6 simulations ===






Total GPU memory 8513978368 bytes.
Set GPU heap size to be 5108387020 bytes.
[0;32m0) Simulation 0 runs: robot_0005.vxd.
[0m[0;32m0) Simulation 1 runs: robot_0003.vxd.
[0m[0;32m0) Simulation 2 runs: robot_0001.vxd.
[0m[0;32m0) Simulation 3 runs: robot_0004.vxd.
[0m[0;32m0) Simulation 4 runs: robot_0000.vxd.
[0m[0;32m0) Simulation 5 runs: robot_0002.vxd.
[0mreal_stepsize: 1 ; recommendedTimeStep 0.000265; d_v3->DtFrac 0.900000 . 
real_stepsize: 1 ; recommendedTimeStep 0.000265; d_v3->DtFrac 0.900000 . 
real_stepsize: 1 ; recommendedTimeStep 0.000084; d_v3->DtFrac 0.900000 . 
real_stepsize: 1 ; recommendedTimeStep 0.000265; d_v3->DtFrac 0.900000 . 
real_stepsize: 1 ; recommendedTimeStep 0.000084; d_v3->DtFrac 0.900000 . 
real_stepsize: 1 ; recommendedTimeStep 0.000265; d_v3->DtFrac 0.900000 . 
[0;34m0) Simulation 0 ends: robot_0005.vxd Time: 0.500144, angleSampleTimes: 2.
[0m[0;34m0) Simulation 1 ends: robot_0003.vxd Time: 0.500144, angleSampleTimes: 2.
[0m[0;34m0) Simulation 2 ends: robot_0001.vxd Time: 0.500071, angleSampleTimes: 2.
[0m[0;34m0) Simulation 3 ends: robot_0004.vxd Time: 0.500144, angleSampleTimes: 2.
[0m[0;34m0) Simulation 4 ends: robot_0000.vxd Time: 0.500071, angleSampleTimes: 2.
[0m[0;34m0) Simulation 5 ends: robot_0002.vxd Time: 0.500144, angleSampleTimes: 2.
[0mRunning simulation locally by default.
./vx3_node_worker -i workspace/locally/20200425132118.vxt -o workspace/locally/20200425132118.vxr
1 GPU found.
=== set device to 0 for 6 simulations ===






Total GPU memory 8513978368 bytes.
Set GPU heap size to be 5108387020 bytes.
[0;32m0) Simulation 0 runs: robot_0005.vxd.
[0m[0;32m0) Simulation 1 runs: robot_0003.vxd.
[0m[0;32m0) Simulation 2 runs: robot_0001.vxd.
[0m[0;32m0) Simulation 3 runs: robot_0004.vxd.
[0m[0;32m0) Simulation 4 runs: robot_0000.vxd.
[0m[0;32m0) Simulation 5 runs: robot_0002.vxd.
[0mreal_stepsize: 1 ; recommendedTimeStep 0.000084; d_v3->DtFrac 0.900000 . 
real_stepsize: 1 ; recommendedTimeStep 0.000265; d_v3->DtFrac 0.900000 . 
real_stepsize: 1 ; recommendedTimeStep 0.000265; d_v3->DtFrac 0.900000 . 
real_stepsize: 1 ; recommendedTimeStep 0.000265; d_v3->DtFrac 0.900000 . 
real_stepsize: 1 ; recommendedTimeStep 0.000265; d_v3->DtFrac 0.900000 . 
real_stepsize: 1 ; recommendedTimeStep 0.000265; d_v3->DtFrac 0.900000 . 
[0;34m0) Simulation 0 ends: robot_0005.vxd Time: 0.500071, angleSampleTimes: 2.
[0m[0;34m0) Simulation 1 ends: robot_0003.vxd Time: 0.500144, angleSampleTimes: 2.
[0m[0;34m0) Simulation 2 ends: robot_0001.vxd Time: 0.500144, angleSampleTimes: 2.
[0m[0;34m0) Simulation 3 ends: robot_0004.vxd Time: 0.500144, angleSampleTimes: 2.
[0m[0;34m0) Simulation 4 ends: robot_0000.vxd Time: 0.500144, angleSampleTimes: 2.
[0m[0;34m0) Simulation 5 ends: robot_0002.vxd Time: 0.500144, angleSampleTimes: 2.
[0mRunning simulation locally by default.
./vx3_node_worker -i workspace/locally/20200425132143.vxt -o workspace/locally/20200425132143.vxr
1 GPU found.
=== set device to 0 for 6 simulations ===






Total GPU memory 8513978368 bytes.
Set GPU heap size to be 5108387020 bytes.
[0;32m0) Simulation 0 runs: robot_0005.vxd.
[0m[0;32m0) Simulation 1 runs: robot_0003.vxd.
[0m[0;32m0) Simulation 2 runs: robot_0001.vxd.
[0m[0;32m0) Simulation 3 runs: robot_0004.vxd.
[0m[0;32m0) Simulation 4 runs: robot_0000.vxd.
[0m[0;32m0) Simulation 5 runs: robot_0002.vxd.
[0mreal_stepsize: 1 ; recommendedTimeStep 0.000265; d_v3->DtFrac 0.900000 . 
real_stepsize: 1 ; recommendedTimeStep 0.000265; d_v3->DtFrac 0.900000 . 
real_stepsize: 1 ; recommendedTimeStep 0.000265; d_v3->DtFrac 0.900000 . 
real_stepsize: 1 ; recommendedTimeStep 0.000265; d_v3->DtFrac 0.900000 . 
real_stepsize: 1 ; recommendedTimeStep 0.000265; d_v3->DtFrac 0.900000 . 
real_stepsize: 1 ; recommendedTimeStep 0.000265; d_v3->DtFrac 0.900000 . 
[0;34m0) Simulation 0 ends: robot_0005.vxd Time: 0.500144, angleSampleTimes: 2.
[0m[0;34m0) Simulation 1 ends: robot_0003.vxd Time: 0.500144, angleSampleTimes: 2.
[0m[0;34m0) Simulation 2 ends: robot_0001.vxd Time: 0.500144, angleSampleTimes: 2.
[0m[0;34m0) Simulation 3 ends: robot_0004.vxd Time: 0.500144, angleSampleTimes: 2.
[0m[0;34m0) Simulation 4 ends: robot_0000.vxd Time: 0.500144, angleSampleTimes: 2.
[0m[0;34m0) Simulation 5 ends: robot_0002.vxd Time: 0.500144, angleSampleTimes: 2.
[0mRunning simulation locally by default.
./vx3_node_worker -i workspace/locally/20200425132205.vxt -o workspace/locally/20200425132205.vxr
1 GPU found.
=== set device to 0 for 6 simulations ===






Total GPU memory 8513978368 bytes.
Set GPU heap size to be 5108387020 bytes.
[0;32m0) Simulation 0 runs: robot_0005.vxd.
[0m[0;32m0) Simulation 1 runs: robot_0003.vxd.
[0m[0;32m0) Simulation 2 runs: robot_0001.vxd.
[0m[0;32m0) Simulation 3 runs: robot_0004.vxd.
[0m[0;32m0) Simulation 4 runs: robot_0000.vxd.
[0m[0;32m0) Simulation 5 runs: robot_0002.vxd.
[0mreal_stepsize: 1 ; recommendedTimeStep 0.000265; d_v3->DtFrac 0.900000 . 
real_stepsize: 1 ; recommendedTimeStep 0.000265; d_v3->DtFrac 0.900000 . 
real_stepsize: 1 ; recommendedTimeStep 0.000265; d_v3->DtFrac 0.900000 . 
real_stepsize: 1 ; recommendedTimeStep 0.000265; d_v3->DtFrac 0.900000 . 
real_stepsize: 1 ; recommendedTimeStep 0.000197; d_v3->DtFrac 0.900000 . 
real_stepsize: 1 ; recommendedTimeStep 0.000265; d_v3->DtFrac 0.900000 . 
[0;34m0) Simulation 0 ends: robot_0005.vxd Time: 0.500144, angleSampleTimes: 2.
[0m[0;34m0) Simulation 1 ends: robot_0003.vxd Time: 0.500144, angleSampleTimes: 2.
[0m[0;34m0) Simulation 2 ends: robot_0001.vxd Time: 0.500144, angleSampleTimes: 2.
[0m[0;34m0) Simulation 3 ends: robot_0004.vxd Time: 0.500144, angleSampleTimes: 2.
[0m[0;34m0) Simulation 4 ends: robot_0000.vxd Time: 0.500163, angleSampleTimes: 2.
[0m[0;34m0) Simulation 5 ends: robot_0002.vxd Time: 0.500144, angleSampleTimes: 2.
[0mRunning simulation locally by default.
./vx3_node_worker -i workspace/locally/20200425132222.vxt -o workspace/locally/20200425132222.vxr
1 GPU found.
=== set device to 0 for 6 simulations ===






Total GPU memory 8513978368 bytes.
Set GPU heap size to be 5108387020 bytes.
[0;32m0) Simulation 0 runs: robot_0005.vxd.
[0m[0;32m0) Simulation 1 runs: robot_0003.vxd.
[0m[0;32m0) Simulation 2 runs: robot_0001.vxd.
[0m[0;32m0) Simulation 3 runs: robot_0004.vxd.
[0m[0;32m0) Simulation 4 runs: robot_0000.vxd.
[0m[0;32m0) Simulation 5 runs: robot_0002.vxd.
[0mreal_stepsize: 1 ; recommendedTimeStep 0.000084; d_v3->DtFrac 0.900000 . 
real_stepsize: 1 ; recommendedTimeStep 0.000265; d_v3->DtFrac 0.900000 . 
real_stepsize: 1 ; recommendedTimeStep 0.000084; d_v3->DtFrac 0.900000 . 
real_stepsize: 1 ; recommendedTimeStep 0.000084; d_v3->DtFrac 0.900000 . 
real_stepsize: 1 ; recommendedTimeStep 0.000265; d_v3->DtFrac 0.900000 . 
real_stepsize: 1 ; recommendedTimeStep 0.000084; d_v3->DtFrac 0.900000 . 
[0;34m0) Simulation 0 ends: robot_0005.vxd Time: 0.500071, angleSampleTimes: 2.
[0m[0;34m0) Simulation 1 ends: robot_0003.vxd Time: 0.500144, angleSampleTimes: 2.
[0m[0;34m0) Simulation 2 ends: robot_0001.vxd Time: 0.500071, angleSampleTimes: 2.
[0m[0;34m0) Simulation 3 ends: robot_0004.vxd Time: 0.500071, angleSampleTimes: 2.
[0m[0;34m0) Simulation 4 ends: robot_0000.vxd Time: 0.500144, angleSampleTimes: 2.
[0m[0;34m0) Simulation 5 ends: robot_0002.vxd Time: 0.500071, angleSampleTimes: 2.
[0mRunning simulation locally by default.
./vx3_node_worker -i workspace/locally/20200425132240.vxt -o workspace/locally/20200425132240.vxr
1 GPU found.
=== set device to 0 for 6 simulations ===






Total GPU memory 8513978368 bytes.
Set GPU heap size to be 5108387020 bytes.
[0;32m0) Simulation 0 runs: robot_0005.vxd.
[0m[0;32m0) Simulation 1 runs: robot_0003.vxd.
[0m[0;32m0) Simulation 2 runs: robot_0001.vxd.
[0m[0;32m0) Simulation 3 runs: robot_0004.vxd.
[0m[0;32m0) Simulation 4 runs: robot_0000.vxd.
[0m[0;32m0) Simulation 5 runs: robot_0002.vxd.
[0mreal_stepsize: 1 ; recommendedTimeStep 0.000084; d_v3->DtFrac 0.900000 . 
real_stepsize: 1 ; recommendedTimeStep 0.000084; d_v3->DtFrac 0.900000 . 
real_stepsize: 1 ; recommendedTimeStep 0.000084; d_v3->DtFrac 0.900000 . 
real_stepsize: 1 ; recommendedTimeStep 0.000084; d_v3->DtFrac 0.900000 . 
real_stepsize: 1 ; recommendedTimeStep 0.000265; d_v3->DtFrac 0.900000 . 
real_stepsize: 1 ; recommendedTimeStep 0.000084; d_v3->DtFrac 0.900000 . 
[0;34m0) Simulation 0 ends: robot_0005.vxd Time: 0.500071, angleSampleTimes: 2.
[0m[0;34m0) Simulation 1 ends: robot_0003.vxd Time: 0.500071, angleSampleTimes: 2.
[0m[0;34m0) Simulation 2 ends: robot_0001.vxd Time: 0.500071, angleSampleTimes: 2.
[0m[0;34m0) Simulation 3 ends: robot_0004.vxd Time: 0.500071, angleSampleTimes: 2.
[0m[0;34m0) Simulation 4 ends: robot_0000.vxd Time: 0.500144, angleSampleTimes: 2.
[0m[0;34m0) Simulation 5 ends: robot_0002.vxd Time: 0.500071, angleSampleTimes: 2.
[0mRunning simulation locally by default.
./vx3_node_worker -i workspace/locally/20200425132318.vxt -o workspace/locally/20200425132318.vxr
1 GPU found.
=== set device to 0 for 6 simulations ===






Total GPU memory 8513978368 bytes.
Set GPU heap size to be 5108387020 bytes.
[0;32m0) Simulation 0 runs: robot_0005.vxd.
[0m[0;32m0) Simulation 1 runs: robot_0003.vxd.
[0m[0;32m0) Simulation 2 runs: robot_0001.vxd.
[0m[0;32m0) Simulation 3 runs: robot_0004.vxd.
[0m[0;32m0) Simulation 4 runs: robot_0000.vxd.
[0m[0;32m0) Simulation 5 runs: robot_0002.vxd.
[0mreal_stepsize: 1 ; recommendedTimeStep 0.000084; d_v3->DtFrac 0.900000 . 
real_stepsize: 1 ; recommendedTimeStep 0.000084; d_v3->DtFrac 0.900000 . 
real_stepsize: 1 ; recommendedTimeStep 0.000265; d_v3->DtFrac 0.900000 . 
real_stepsize: 1 ; recommendedTimeStep 0.000084; d_v3->DtFrac 0.900000 . 
real_stepsize: 1 ; recommendedTimeStep 0.000084; d_v3->DtFrac 0.900000 . 
real_stepsize: 1 ; recommendedTimeStep 0.000084; d_v3->DtFrac 0.900000 . 
[0;34m0) Simulation 0 ends: robot_0005.vxd Time: 0.500071, angleSampleTimes: 2.
[0m[0;34m0) Simulation 1 ends: robot_0003.vxd Time: 0.500071, angleSampleTimes: 2.
[0m[0;34m0) Simulation 2 ends: robot_0001.vxd Time: 0.500144, angleSampleTimes: 2.
[0m[0;34m0) Simulation 3 ends: robot_0004.vxd Time: 0.500071, angleSampleTimes: 2.
[0m[0;34m0) Simulation 4 ends: robot_0000.vxd Time: 0.500071, angleSampleTimes: 2.
[0m[0;34m0) Simulation 5 ends: robot_0002.vxd Time: 0.500071, angleSampleTimes: 2.
[0mRunning simulation locally by default.
./vx3_node_worker -i workspace/locally/20200425132400.vxt -o workspace/locally/20200425132400.vxr
1 GPU found.
=== set device to 0 for 6 simulations ===






Total GPU memory 8513978368 bytes.
Set GPU heap size to be 5108387020 bytes.
[0;32m0) Simulation 0 runs: robot_0005.vxd.
[0m[0;32m0) Simulation 1 runs: robot_0003.vxd.
[0m[0;32m0) Simulation 2 runs: robot_0001.vxd.
[0m[0;32m0) Simulation 3 runs: robot_0004.vxd.
[0m[0;32m0) Simulation 4 runs: robot_0000.vxd.
[0m[0;32m0) Simulation 5 runs: robot_0002.vxd.
[0mreal_stepsize: 1 ; recommendedTimeStep 0.000084; d_v3->DtFrac 0.900000 . 
real_stepsize: 1 ; recommendedTimeStep 0.000084; d_v3->DtFrac 0.900000 . 
real_stepsize: 1 ; recommendedTimeStep 0.000084; d_v3->DtFrac 0.900000 . 
real_stepsize: 1 ; recommendedTimeStep 0.000084; d_v3->DtFrac 0.900000 . 
real_stepsize: 1 ; recommendedTimeStep 0.000084; d_v3->DtFrac 0.900000 . 
real_stepsize: 1 ; recommendedTimeStep 0.000084; d_v3->DtFrac 0.900000 . 
